2018-03-07 10:53:54 2364 [Note] Plugin 'FEDERATED' is disabled.
2018-03-07 10:53:54 2364 [Note] InnoDB: Using atomics to ref count buffer pool pages
2018-03-07 10:53:54 2364 [Note] InnoDB: The InnoDB memory heap is disabled
2018-03-07 10:53:54 2364 [Note] InnoDB: Mutexes and rw_locks use Windows interlocked functions
2018-03-07 10:53:54 2364 [Note] InnoDB: Memory barrier is not used
2018-03-07 10:53:54 2364 [Note] InnoDB: Compressed tables use zlib 1.2.3
2018-03-07 10:53:54 2364 [Note] InnoDB: Not using CPU crc32 instructions
2018-03-07 10:53:54 2364 [Note] InnoDB: Initializing buffer pool, size = 128.0M
2018-03-07 10:53:54 2364 [Note] InnoDB: Completed initialization of buffer pool
2018-03-07 10:53:55 2364 [Note] InnoDB: Highest supported file format is Barracuda.
2018-03-07 10:53:56 2364 [Note] InnoDB: 128 rollback segment(s) are active.
2018-03-07 10:53:56 2364 [Note] InnoDB: Waiting for purge to start
2018-03-07 10:53:56 2364 [Note] InnoDB: 5.6.34 started; log sequence number 1625997
2018-03-07 10:53:57 2364 [Note] Server hostname (bind-address): '*'; port: 3306
2018-03-07 10:53:57 2364 [Note] IPv6 is available.
2018-03-07 10:53:57 2364 [Note]   - '::' resolves to '::';
2018-03-07 10:53:57 2364 [Note] Server socket created on IP: '::'.
2018-03-08 11:11:20 8316 [Note] Plugin 'FEDERATED' is disabled.
2018-03-08 11:11:20 8316 [Note] InnoDB: Using atomics to ref count buffer pool pages
2018-03-08 11:11:20 8316 [Note] InnoDB: The InnoDB memory heap is disabled
2018-03-08 11:11:20 8316 [Note] InnoDB: Mutexes and rw_locks use Windows interlocked functions
2018-03-08 11:11:20 8316 [Note] InnoDB: Memory barrier is not used
2018-03-08 11:11:20 8316 [Note] InnoDB: Compressed tables use zlib 1.2.3
2018-03-08 11:11:20 8316 [Note] InnoDB: Not using CPU crc32 instructions
2018-03-08 11:11:20 8316 [Note] InnoDB: Initializing buffer pool, size = 128.0M
2018-03-08 11:11:20 8316 [Note] InnoDB: Completed initialization of buffer pool
2018-03-08 11:11:21 8316 [Note] InnoDB: Highest supported file format is Barracuda.
2018-03-08 11:11:21 8316 [Note] InnoDB: The log sequence numbers 1625997 and 1625997 in ibdata files do not match the log sequence number 5771374 in the ib_logfiles!
2018-03-08 11:11:21 8316 [Note] InnoDB: Database was not shutdown normally!
2018-03-08 11:11:21 8316 [Note] InnoDB: Starting crash recovery.
2018-03-08 11:11:21 8316 [Note] InnoDB: Reading tablespace information from the .ibd files...
2018-03-08 11:11:21 8316 [Note] InnoDB: Restoring possible half-written data pages 
2018-03-08 11:11:21 8316 [Note] InnoDB: from the doublewrite buffer...
InnoDB: Last MySQL binlog file position 0 2392563, file name mysql-bin.000003
2018-03-08 11:11:22 8316 [Note] InnoDB: 128 rollback segment(s) are active.
2018-03-08 11:11:22 8316 [Note] InnoDB: Waiting for purge to start
2018-03-08 11:11:22 8316 [Note] InnoDB: 5.6.34 started; log sequence number 5771374
2018-03-08 11:11:22 8316 [Note] Recovering after a crash using mysql-bin
2018-03-08 11:11:22 8316 [Note] Starting crash recovery...
2018-03-08 11:11:22 8316 [Note] Crash recovery finished.
2018-03-08 11:11:23 8316 [Note] Server hostname (bind-address): '*'; port: 3306
2018-03-08 11:11:23 8316 [Note] IPv6 is available.
2018-03-08 11:11:23 8316 [Note]   - '::' resolves to '::';
2018-03-08 11:11:23 8316 [Note] Server socket created on IP: '::'.
2018-03-09 09:09:19 9368 [Note] Plugin 'FEDERATED' is disabled.
2018-03-09 09:09:19 9368 [Note] InnoDB: Using atomics to ref count buffer pool pages
2018-03-09 09:09:19 9368 [Note] InnoDB: The InnoDB memory heap is disabled
2018-03-09 09:09:19 9368 [Note] InnoDB: Mutexes and rw_locks use Windows interlocked functions
2018-03-09 09:09:19 9368 [Note] InnoDB: Memory barrier is not used
2018-03-09 09:09:19 9368 [Note] InnoDB: Compressed tables use zlib 1.2.3
2018-03-09 09:09:19 9368 [Note] InnoDB: Not using CPU crc32 instructions
2018-03-09 09:09:19 9368 [Note] InnoDB: Initializing buffer pool, size = 128.0M
2018-03-09 09:09:19 9368 [Note] InnoDB: Completed initialization of buffer pool
2018-03-09 09:09:20 9368 [Note] InnoDB: Highest supported file format is Barracuda.
2018-03-09 09:09:20 9368 [Note] InnoDB: The log sequence numbers 1625997 and 1625997 in ibdata files do not match the log sequence number 6797708 in the ib_logfiles!
2018-03-09 09:09:20 9368 [Note] InnoDB: Database was not shutdown normally!
2018-03-09 09:09:20 9368 [Note] InnoDB: Starting crash recovery.
2018-03-09 09:09:20 9368 [Note] InnoDB: Reading tablespace information from the .ibd files...
2018-03-09 09:09:20 9368 [Note] InnoDB: Restoring possible half-written data pages 
2018-03-09 09:09:20 9368 [Note] InnoDB: from the doublewrite buffer...
InnoDB: Last MySQL binlog file position 0 733140, file name mysql-bin.000004
2018-03-09 09:09:22 9368 [Note] InnoDB: 128 rollback segment(s) are active.
2018-03-09 09:09:22 9368 [Note] InnoDB: Waiting for purge to start
2018-03-09 09:09:22 9368 [Note] InnoDB: 5.6.34 started; log sequence number 6797708
2018-03-09 09:09:22 9368 [Note] Recovering after a crash using mysql-bin
2018-03-09 09:09:23 9368 [Note] Starting crash recovery...
2018-03-09 09:09:23 9368 [Note] Crash recovery finished.
2018-03-09 09:09:23 9368 [Note] Server hostname (bind-address): '*'; port: 3306
2018-03-09 09:09:23 9368 [Note] IPv6 is available.
2018-03-09 09:09:23 9368 [Note]   - '::' resolves to '::';
2018-03-09 09:09:23 9368 [Note] Server socket created on IP: '::'.
2018-03-12 09:43:03 7312 [Note] Plugin 'FEDERATED' is disabled.
2018-03-12 09:43:03 7312 [Note] InnoDB: Using atomics to ref count buffer pool pages
2018-03-12 09:43:03 7312 [Note] InnoDB: The InnoDB memory heap is disabled
2018-03-12 09:43:03 7312 [Note] InnoDB: Mutexes and rw_locks use Windows interlocked functions
2018-03-12 09:43:03 7312 [Note] InnoDB: Memory barrier is not used
2018-03-12 09:43:03 7312 [Note] InnoDB: Compressed tables use zlib 1.2.3
2018-03-12 09:43:03 7312 [Note] InnoDB: Not using CPU crc32 instructions
2018-03-12 09:43:03 7312 [Note] InnoDB: Initializing buffer pool, size = 128.0M
2018-03-12 09:43:03 7312 [Note] InnoDB: Completed initialization of buffer pool
2018-03-12 09:43:03 7312 [Note] InnoDB: Highest supported file format is Barracuda.
2018-03-12 09:43:03 7312 [Note] InnoDB: The log sequence numbers 1625997 and 1625997 in ibdata files do not match the log sequence number 7627994 in the ib_logfiles!
2018-03-12 09:43:03 7312 [Note] InnoDB: Database was not shutdown normally!
2018-03-12 09:43:03 7312 [Note] InnoDB: Starting crash recovery.
2018-03-12 09:43:03 7312 [Note] InnoDB: Reading tablespace information from the .ibd files...
2018-03-12 09:43:04 7312 [Note] InnoDB: Restoring possible half-written data pages 
2018-03-12 09:43:04 7312 [Note] InnoDB: from the doublewrite buffer...
InnoDB: Last MySQL binlog file position 0 639199, file name mysql-bin.000005
2018-03-12 09:43:05 7312 [Note] InnoDB: 128 rollback segment(s) are active.
2018-03-12 09:43:05 7312 [Note] InnoDB: Waiting for purge to start
2018-03-12 09:43:05 7312 [Note] InnoDB: 5.6.34 started; log sequence number 7627994
2018-03-12 09:43:05 7312 [Note] Recovering after a crash using mysql-bin
2018-03-12 09:43:05 7312 [Note] Starting crash recovery...
2018-03-12 09:43:05 7312 [Note] Crash recovery finished.
2018-03-12 09:43:05 7312 [Note] Server hostname (bind-address): '*'; port: 3306
2018-03-12 09:43:05 7312 [Note] IPv6 is available.
2018-03-12 09:43:05 7312 [Note]   - '::' resolves to '::';
2018-03-12 09:43:05 7312 [Note] Server socket created on IP: '::'.
2018-03-13 09:14:10 4020 [Note] Plugin 'FEDERATED' is disabled.
2018-03-13 09:14:10 4020 [Note] InnoDB: Using atomics to ref count buffer pool pages
2018-03-13 09:14:10 4020 [Note] InnoDB: The InnoDB memory heap is disabled
2018-03-13 09:14:10 4020 [Note] InnoDB: Mutexes and rw_locks use Windows interlocked functions
2018-03-13 09:14:10 4020 [Note] InnoDB: Memory barrier is not used
2018-03-13 09:14:10 4020 [Note] InnoDB: Compressed tables use zlib 1.2.3
2018-03-13 09:14:10 4020 [Note] InnoDB: Not using CPU crc32 instructions
2018-03-13 09:14:10 4020 [Note] InnoDB: Initializing buffer pool, size = 128.0M
2018-03-13 09:14:10 4020 [Note] InnoDB: Completed initialization of buffer pool
2018-03-13 09:14:10 4020 [Note] InnoDB: Highest supported file format is Barracuda.
2018-03-13 09:14:10 4020 [Note] InnoDB: The log sequence numbers 1625997 and 1625997 in ibdata files do not match the log sequence number 10025340 in the ib_logfiles!
2018-03-13 09:14:10 4020 [Note] InnoDB: Database was not shutdown normally!
2018-03-13 09:14:10 4020 [Note] InnoDB: Starting crash recovery.
2018-03-13 09:14:10 4020 [Note] InnoDB: Reading tablespace information from the .ibd files...
2018-03-13 09:14:11 4020 [Note] InnoDB: Restoring possible half-written data pages 
2018-03-13 09:14:11 4020 [Note] InnoDB: from the doublewrite buffer...
InnoDB: Last MySQL binlog file position 0 1811452, file name mysql-bin.000006
2018-03-13 09:14:12 4020 [Note] InnoDB: 128 rollback segment(s) are active.
2018-03-13 09:14:12 4020 [Note] InnoDB: Waiting for purge to start
2018-03-13 09:14:12 4020 [Note] InnoDB: 5.6.34 started; log sequence number 10025340
2018-03-13 09:14:12 4020 [Note] Recovering after a crash using mysql-bin
2018-03-13 09:14:12 4020 [Note] Starting crash recovery...
2018-03-13 09:14:12 4020 [Note] Crash recovery finished.
2018-03-13 09:14:12 4020 [Note] Server hostname (bind-address): '*'; port: 3306
2018-03-13 09:14:12 4020 [Note] IPv6 is available.
2018-03-13 09:14:12 4020 [Note]   - '::' resolves to '::';
2018-03-13 09:14:12 4020 [Note] Server socket created on IP: '::'.
2018-03-14 10:53:51 1800 [Note] Plugin 'FEDERATED' is disabled.
2018-03-14 10:53:51 1800 [Note] InnoDB: Using atomics to ref count buffer pool pages
2018-03-14 10:53:51 1800 [Note] InnoDB: The InnoDB memory heap is disabled
2018-03-14 10:53:51 1800 [Note] InnoDB: Mutexes and rw_locks use Windows interlocked functions
2018-03-14 10:53:51 1800 [Note] InnoDB: Memory barrier is not used
2018-03-14 10:53:51 1800 [Note] InnoDB: Compressed tables use zlib 1.2.3
2018-03-14 10:53:51 1800 [Note] InnoDB: Not using CPU crc32 instructions
2018-03-14 10:53:51 1800 [Note] InnoDB: Initializing buffer pool, size = 128.0M
2018-03-14 10:53:51 1800 [Note] InnoDB: Completed initialization of buffer pool
2018-03-14 10:53:52 1800 [Note] InnoDB: Highest supported file format is Barracuda.
2018-03-14 10:53:52 1800 [Note] InnoDB: The log sequence numbers 1625997 and 1625997 in ibdata files do not match the log sequence number 12017449 in the ib_logfiles!
2018-03-14 10:53:52 1800 [Note] InnoDB: Database was not shutdown normally!
2018-03-14 10:53:52 1800 [Note] InnoDB: Starting crash recovery.
2018-03-14 10:53:52 1800 [Note] InnoDB: Reading tablespace information from the .ibd files...
2018-03-14 10:53:57 1800 [Note] InnoDB: Restoring possible half-written data pages 
2018-03-14 10:53:57 1800 [Note] InnoDB: from the doublewrite buffer...
InnoDB: Last MySQL binlog file position 0 1687529, file name mysql-bin.000007
2018-03-14 10:53:59 1800 [Note] InnoDB: 128 rollback segment(s) are active.
2018-03-14 10:53:59 1800 [Note] InnoDB: Waiting for purge to start
2018-03-14 10:53:59 1800 [Note] InnoDB: 5.6.34 started; log sequence number 12017449
2018-03-14 10:53:59 1800 [Note] Recovering after a crash using mysql-bin
2018-03-14 10:53:59 1800 [Note] Starting crash recovery...
2018-03-14 10:53:59 1800 [Note] Crash recovery finished.
2018-03-14 10:53:59 1800 [Note] Server hostname (bind-address): '*'; port: 3306
2018-03-14 10:53:59 1800 [Note] IPv6 is available.
2018-03-14 10:53:59 1800 [Note]   - '::' resolves to '::';
2018-03-14 10:53:59 1800 [Note] Server socket created on IP: '::'.
2018-03-15 09:23:46 4948 [Note] Plugin 'FEDERATED' is disabled.
2018-03-15 09:23:46 4948 [Note] InnoDB: Using atomics to ref count buffer pool pages
2018-03-15 09:23:46 4948 [Note] InnoDB: The InnoDB memory heap is disabled
2018-03-15 09:23:46 4948 [Note] InnoDB: Mutexes and rw_locks use Windows interlocked functions
2018-03-15 09:23:46 4948 [Note] InnoDB: Memory barrier is not used
2018-03-15 09:23:46 4948 [Note] InnoDB: Compressed tables use zlib 1.2.3
2018-03-15 09:23:46 4948 [Note] InnoDB: Not using CPU crc32 instructions
2018-03-15 09:23:46 4948 [Note] InnoDB: Initializing buffer pool, size = 128.0M
2018-03-15 09:23:46 4948 [Note] InnoDB: Completed initialization of buffer pool
2018-03-15 09:23:46 4948 [Note] InnoDB: Highest supported file format is Barracuda.
2018-03-15 09:23:46 4948 [Note] InnoDB: The log sequence numbers 1625997 and 1625997 in ibdata files do not match the log sequence number 13177548 in the ib_logfiles!
2018-03-15 09:23:46 4948 [Note] InnoDB: Database was not shutdown normally!
2018-03-15 09:23:46 4948 [Note] InnoDB: Starting crash recovery.
2018-03-15 09:23:46 4948 [Note] InnoDB: Reading tablespace information from the .ibd files...
2018-03-15 09:23:47 4948 [Note] InnoDB: Restoring possible half-written data pages 
2018-03-15 09:23:47 4948 [Note] InnoDB: from the doublewrite buffer...
InnoDB: Last MySQL binlog file position 0 953248, file name mysql-bin.000008
2018-03-15 09:23:48 4948 [Note] InnoDB: 128 rollback segment(s) are active.
2018-03-15 09:23:48 4948 [Note] InnoDB: Waiting for purge to start
2018-03-15 09:23:48 4948 [Note] InnoDB: 5.6.34 started; log sequence number 13177548
2018-03-15 09:23:48 4948 [Note] Recovering after a crash using mysql-bin
2018-03-15 09:23:48 4948 [Note] Starting crash recovery...
2018-03-15 09:23:48 4948 [Note] Crash recovery finished.
2018-03-15 09:23:48 4948 [Note] Server hostname (bind-address): '*'; port: 3306
2018-03-15 09:23:48 4948 [Note] IPv6 is available.
2018-03-15 09:23:48 4948 [Note]   - '::' resolves to '::';
2018-03-15 09:23:48 4948 [Note] Server socket created on IP: '::'.
